<?xml version="1.0" encoding="UTF-8"?>
<!-- Generated by org.testng.reporters.JUnitXMLReporter -->
<testsuite ignored="0" hostname="DESKTOP-V2F8GJI" failures="1" tests="3" name="UI Testing" time="17.447" errors="0" timestamp="2022-07-19T21:24:18 ART">
  <testcase classname="com.qa.testscripts.TC001" name="login" time="3.569"/>
  <testcase classname="com.qa.testscripts.TC001" name="dashboardVerification" time="1.904"/>
  <testcase classname="com.qa.testscripts.TC001" name="pimScenario" time="11.477">
    <failure type="java.lang.AssertionError" message="expected [Linda Anderson] but found []">
      <![CDATA[java.lang.AssertionError: expected [Linda Anderson] but found []
at com.qa.testscripts.TC001.pimScenario(TC001.java:43)
at java.base/java.util.concurrent.ThreadPoolExecutor.runWorker(ThreadPoolExecutor.java:1130)
at java.base/java.util.concurrent.ThreadPoolExecutor$Worker.run(ThreadPoolExecutor.java:630)
at java.base/java.lang.Thread.run(Thread.java:831)
... Removed 18 stack frames]]>
    </failure>
  </testcase> <!-- pimScenario -->
</testsuite> <!-- UI Testing -->
