<?xml version="1.0" encoding="UTF-8"?>
<!-- Generated by org.testng.reporters.JUnitXMLReporter -->
<testsuite ignored="0" hostname="DESKTOP-V2F8GJI" failures="0" tests="3" name="Default test" time="64.53" errors="0" timestamp="2022-07-19T21:14:20 ART">
  <testcase classname="com.qa.testscripts.TC001" name="login" time="3.648"/>
  <testcase classname="com.qa.testscripts.TC001" name="dashboardVerification" time="1.896"/>
  <testcase classname="com.qa.testscripts.TC001" name="pimScenario" time="58.949"/>
</testsuite> <!-- Default test -->
